0 info it worked if it ends with ok
1 verbose cli [ '/usr/local/bin/node', '/usr/local/bin/npm', 'publish' ]
2 info using npm@2.15.8
3 info using node@v4.4.7
4 verbose publish [ '.' ]
5 silly cache add args [ '.', null ]
6 verbose cache add spec .
7 silly cache add parsed spec Result {
7 silly cache add   raw: '.',
7 silly cache add   scope: null,
7 silly cache add   name: null,
7 silly cache add   rawSpec: '.',
7 silly cache add   spec: '/Volumes/backup/development/www/mean.expert/my-modules/loopback-component-universal',
7 silly cache add   type: 'directory' }
8 verbose addLocalDirectory /Users/jcasarrubias/.npm/loopback-component-universal/1.0.0-alpha.1/package.tgz not in flight; packing
9 verbose correctMkdir /Users/jcasarrubias/.npm correctMkdir not in flight; initializing
10 verbose tar pack [ '/Users/jcasarrubias/.npm/loopback-component-universal/1.0.0-alpha.1/package.tgz',
10 verbose tar pack   '/Volumes/backup/development/www/mean.expert/my-modules/loopback-component-universal' ]
11 verbose tarball /Users/jcasarrubias/.npm/loopback-component-universal/1.0.0-alpha.1/package.tgz
12 verbose folder /Volumes/backup/development/www/mean.expert/my-modules/loopback-component-universal
13 info prepublish loopback-component-universal@1.0.0-alpha.1
14 verbose addLocalTarball adding from inside cache /Users/jcasarrubias/.npm/loopback-component-universal/1.0.0-alpha.1/package.tgz
15 verbose correctMkdir /Users/jcasarrubias/.npm correctMkdir not in flight; initializing
16 silly cache afterAdd loopback-component-universal@1.0.0-alpha.1
17 verbose afterAdd /Users/jcasarrubias/.npm/loopback-component-universal/1.0.0-alpha.1/package/package.json not in flight; writing
18 verbose correctMkdir /Users/jcasarrubias/.npm correctMkdir not in flight; initializing
19 verbose afterAdd /Users/jcasarrubias/.npm/loopback-component-universal/1.0.0-alpha.1/package/package.json written
20 silly publish { name: 'loopback-component-universal',
20 silly publish   version: '1.0.0-alpha.1',
20 silly publish   description: 'A LoopBack component to adapt with Angular Universal and the LoopBack SDK Builder',
20 silly publish   main: 'index.js',
20 silly publish   scripts: { test: 'echo "Error: no test specified" && exit 1' },
20 silly publish   keywords:
20 silly publish    [ 'IBM',
20 silly publish      'StrongLoop',
20 silly publish      'LoopBack',
20 silly publish      'Angular 2',
20 silly publish      'Angular Universal',
20 silly publish      'LoopBack SDK Builder' ],
20 silly publish   author:
20 silly publish    { name: 'Jonathan Casarrubias',
20 silly publish      email: 'http://twitter.com/johncasarrubias' },
20 silly publish   license: 'MIT',
20 silly publish   repository:
20 silly publish    { type: 'git',
20 silly publish      url: 'git+https://github.com/jonathan-casarrubias/loopback-component-universal.git' },
20 silly publish   dependencies:
20 silly publish    { '@angular/common': '2.0.0-rc.4',
20 silly publish      '@angular/compiler': '2.0.0-rc.4',
20 silly publish      '@angular/core': '2.0.0-rc.4',
20 silly publish      '@angular/forms': '0.2.0',
20 silly publish      '@angular/http': '2.0.0-rc.4',
20 silly publish      '@angular/platform-browser': '2.0.0-rc.4',
20 silly publish      '@angular/platform-browser-dynamic': '2.0.0-rc.4',
20 silly publish      '@angular/router': '3.0.0-alpha.8',
20 silly publish      '@angular/platform-server': '^2.0.0-rc.4',
20 silly publish      'angular2-express-engine': '^0.15.0',
20 silly publish      'angular2-hapi-engine': '^0.15.0',
20 silly publish      'angular2-universal': '^0.104.4',
20 silly publish      'angular2-universal-polyfills': '^0.4.1',
20 silly publish      'es6-shim': '0.35.1',
20 silly publish      'reflect-metadata': '0.1.3',
20 silly publish      rxjs: '5.0.0-beta.6',
20 silly publish      systemjs: '0.19.26',
20 silly publish      'zone.js': '0.6.12',
20 silly publish      css: '^2.2.1',
20 silly publish      parse5: '^1.5.1',
20 silly publish      preboot: '^2.1.2' },
20 silly publish   readme: '[![NPM](https://nodei.co/npm/loopback-component-universal.png?stars&downloads)](https://nodei.co/npm/loopback-component-universal/) [![NPM](https://nodei.co/npm-dl/loopback-component-universal.png)](https://nodei.co/npm/loopback-component-universal/)\n\n# LoopBack Component PubSub\n\nA [LoopBack Framework](http://loopback.io) Component that provides publish events over WebSockets.\n\nThis module will provide publish/subscribe functionality for [LoopBack Framework](http://loopback.io) Models that implements the `PubSub Mixin`.\n\n# Publish Subscribe\n\nThe publish/subscribe pattern allow clients to subscribe to specific events, listening for data streams a server publish everytime there are new changes.\n\n![Publish Subscribe Pattern](https://blog.gopheracademy.com/postimages/plumbing-and-semantics/pub-sub.jpg)\n\n# Installation\n\n```sh\n$ npm install --save loopback-component-pubsub\n```\n\n# Setup Module\n\nUpdate the  `server/component-config.json` as follows:\n\n```json\n{\n  "loopback-component-explorer": {\n    "mountPath": "/explorer"\n  },\n  "loopback-component-pubsub": {\n    "auth": true\n  }\n}\n\n```\n\nUpdate the  `server/model-config.json` as follows:\n\n```json\n{\n    "mixins": [\n        "loopback/common/mixins",\n        "loopback/server/mixins",\n        "../common/mixins",\n        "./mixins",\n        "../node_modules/loopback-component-pubsub/mixins"\n    ]\n}\n```\n\n# Configure Models\n\nThanks to the provided mixin, you are able to define in which Models you want to make available the PubSub functionality by explicitly defining it in the model json file.\n\n```json\n{\n  "mixins": {\n    "PubSub": true\n  }\n}\n```\n\n# Update Server File\n\nUpdate the start method within the `server/server.js` file as follows:\n\n```js\napp.start = function() {\n  return server = app.listen(function() {\n    app.emit(\'started\', server);\n    var baseUrl = app.get(\'url\').replace(/\\/$/, \'\');\n    console.log(\'Web server listening at: %s\', baseUrl);\n    if (app.get(\'loopback-component-explorer\')) {\n      var explorerPath = app.get(\'loopback-component-explorer\').mountPath;\n      console.log(\'Browse your REST API at %s%s\', baseUrl, explorerPath);\n    }\n  });\n};\n```\n\n# How to subscribe to events\n\n##### Un-Authenticated Vanilla JavaScript Example\n\nYou can subscribe to any valid remote method within your model as follows:\n\n```html\n<html>\n<head>\n  <title>Event Source Test</title>\n  <script src="/socket.io/socket.io.js"></script>\n  <script>\n    var client = io(\'http://localhost:3000\');\n        // subscribe for newly created rooms \n        client.on(\'[POST]/api/rooms\', function (room) {\n           console.info(\'Room \', room);\n        });\n        // subscribe for new messages in the room with Id 1\n        client.on(\'[POST]/api/rooms/1/messages\', function (message) {\n           console.info(\'Message \', message);\n        });\n  </script>\n</head>\n<body></body>\n</html>\n````\n\n##### Authenticated Vanilla JavaScript Example\n\nYou can subscribe to any valid remote method within your model as follows:\n\n```html\n<html>\n<head>\n  <title>Event Source Test</title>\n  <script src="/socket.io/socket.io.js"></script>\n  <script>\n    var client;\n    // Ajax Request logic to login and to get a token [/POST]/api/users/login\n    // Use whatever method works best for you when doing AJAX Requests\n    userLogin(function onLogged(token) {\n      client = io(\'http://localhost:3000\');\n      client.on(\'connect\', function onConnect() {\n        client.emit(\'authentication\', token);\n        client.on(\'unauthorized\', function onUnauthorized(res) {\n          console.error(\'Unauthenticated\', res);\n        });\n      });\n      // subscribe for newly created rooms \n      client.on(\'[POST]/api/rooms\', function (room) {\n        console.info(\'Room \', room);\n      });\n      // subscribe for new messages in the room with Id 1\n      client.on(\'[POST]/api/rooms/1/messages\', function (message) {\n        console.info(\'Message \', message);\n      });\n    }); \n  </script>\n</head>\n<body></body>\n</html>\n````\n\n##### NativeScript2 SDK Example Un-Authenticated\n\nWhen using the [loopback-sdk-builder](https://www.npmjs.com/package/loopback-sdk-builder)\n\n```js\nimport { Component } from "@angular/core";\nimport { API_PROVIDERS, LoopBackConfig, RoomApi } from \'./sdk\';\n\n@Component({\n    selector: "my-app",\n    templateUrl: \'path/to/view.html\',\n    providers: [ API_PROVIDERS ]\n})\n\nexport class AppComponent {\n    constructor(private room: RoomApi) {\n        // or local network IP or public IP/DNS\n        LoopBackConfig.setBaseURL(\'http://192.168.1.11:3000\');\n        LoopBackConfig.setApiVersion(\'api\');\n        room.onCreate().subscribe((res: { id: number | string }) => {\n            alert(res.id);\n        });\n        room.onCreateMessages(1).subscribe((res: { text: string }) => {\n            alert(res.text);\n        });\n    }\n}\n\n```\n\n##### NativeScript2 SDK Example Authenticated\n\nWhen using the [loopback-sdk-builder](https://www.npmjs.com/package/loopback-sdk-builder)\n\n```js\nimport { Component } from "@angular/core";\nimport { API_PROVIDERS, LoopBackConfig, UserApi, RoomApi } from \'./sdk\';\n\n@Component({\n    selector: "my-app",\n    templateUrl: \'path/to/view.html\',\n    providers: [ API_PROVIDERS ]\n})\n\nexport class AppComponent {\n    constructor(private room: RoomApi, private user: UserApi) {\n        // or local network IP or public IP/DNS\n        LoopBackConfig.setBaseURL(\'http://192.168.1.11:3000\');\n        LoopBackConfig.setApiVersion(\'api\');\n        user.login({ email: \'test@test.com\', password: \'test\' }).subscribe(res => {\n            console.info(\'User has been authenticated over HTTP\', res);\n            room.onCreate().subscribe((res: { id: number | string }) => {\n                alert(res.id);\n            });\n            room.onCreateMessages(1).subscribe((res: { text: string }) => {\n                alert(res.text);\n            });\n        });\n}\n\n```\n\n# Tutorials\n\n[The Ultimate Guide for Building Real Time Applications](http://mean.expert/2016/06/09/angular-2-ultimate-real-time/)\n\n# TODO\n\n\n- Implement Clustering Functionality',
20 silly publish   readmeFilename: 'README.md',
20 silly publish   gitHead: '9d32e84cfb158324a24d4d829e8a6b03ce897b30',
20 silly publish   bugs: { url: 'https://github.com/jonathan-casarrubias/loopback-component-universal/issues' },
20 silly publish   homepage: 'https://github.com/jonathan-casarrubias/loopback-component-universal#readme',
20 silly publish   _id: 'loopback-component-universal@1.0.0-alpha.1',
20 silly publish   _shasum: '640096f1fde789caea26ebf86ed2ab38e50f0fa7',
20 silly publish   _from: '.' }
21 verbose getPublishConfig undefined
22 silly mapToRegistry name loopback-component-universal
23 silly mapToRegistry using default registry
24 silly mapToRegistry registry https://registry.npmjs.org/
25 silly mapToRegistry data Result {
25 silly mapToRegistry   raw: 'loopback-component-universal',
25 silly mapToRegistry   scope: null,
25 silly mapToRegistry   name: 'loopback-component-universal',
25 silly mapToRegistry   rawSpec: '',
25 silly mapToRegistry   spec: 'latest',
25 silly mapToRegistry   type: 'tag' }
26 silly mapToRegistry uri https://registry.npmjs.org/loopback-component-universal
27 verbose publish registryBase https://registry.npmjs.org/
28 silly publish uploading /Users/jcasarrubias/.npm/loopback-component-universal/1.0.0-alpha.1/package.tgz
29 verbose request uri https://registry.npmjs.org/loopback-component-universal
30 verbose request sending authorization for write operation
31 info attempt registry request try #1 at 4:16:49 PM
32 verbose request using bearer token for auth
33 verbose request id 8e9893402322cf4e
34 http request PUT https://registry.npmjs.org/loopback-component-universal
35 http 403 https://registry.npmjs.org/loopback-component-universal
36 verbose headers { 'content-type': 'application/json',
36 verbose headers   'cache-control': 'max-age=300',
36 verbose headers   'content-length': '103',
36 verbose headers   'accept-ranges': 'bytes',
36 verbose headers   date: 'Wed, 06 Jul 2016 21:16:50 GMT',
36 verbose headers   via: '1.1 varnish',
36 verbose headers   connection: 'keep-alive',
36 verbose headers   'x-served-by': 'cache-sea1920-SEA',
36 verbose headers   'x-cache': 'MISS',
36 verbose headers   'x-cache-hits': '0',
36 verbose headers   'x-timer': 'S1467839810.463285,VS0,VE192',
36 verbose headers   vary: 'Accept-Encoding' }
37 verbose request invalidating /Users/jcasarrubias/.npm/registry.npmjs.org/loopback-component-universal on PUT
38 error publish Failed PUT 403
39 verbose stack Error: "You cannot publish over the previously published version 1.0.0-alpha.1." : loopback-component-universal
39 verbose stack     at makeError (/usr/local/lib/node_modules/npm/node_modules/npm-registry-client/lib/request.js:264:12)
39 verbose stack     at CachingRegistryClient.<anonymous> (/usr/local/lib/node_modules/npm/node_modules/npm-registry-client/lib/request.js:252:14)
39 verbose stack     at Request._callback (/usr/local/lib/node_modules/npm/node_modules/npm-registry-client/lib/request.js:172:14)
39 verbose stack     at Request.self.callback (/usr/local/lib/node_modules/npm/node_modules/request/request.js:200:22)
39 verbose stack     at emitTwo (events.js:87:13)
39 verbose stack     at Request.emit (events.js:172:7)
39 verbose stack     at Request.<anonymous> (/usr/local/lib/node_modules/npm/node_modules/request/request.js:1067:10)
39 verbose stack     at emitOne (events.js:82:20)
39 verbose stack     at Request.emit (events.js:169:7)
39 verbose stack     at IncomingMessage.<anonymous> (/usr/local/lib/node_modules/npm/node_modules/request/request.js:988:12)
40 verbose statusCode 403
41 verbose pkgid loopback-component-universal
42 verbose cwd /Volumes/backup/development/www/mean.expert/my-modules/loopback-component-universal
43 error Darwin 15.4.0
44 error argv "/usr/local/bin/node" "/usr/local/bin/npm" "publish"
45 error node v4.4.7
46 error npm  v2.15.8
47 error code E403
48 error "You cannot publish over the previously published version 1.0.0-alpha.1." : loopback-component-universal
49 error If you need help, you may report this error at:
49 error     <https://github.com/npm/npm/issues>
50 verbose exit [ 1, true ]
